#
# There is insufficient memory for the Java Runtime Environment to continue.
# Native memory allocation (mmap) failed to map 65536 bytes for Failed to commit metaspace.
# Possible reasons:
#   The system is out of physical RAM or swap space
#   The process is running with CompressedOops enabled, and the Java Heap may be blocking the growth of the native heap
# Possible solutions:
#   Reduce memory load on the system
#   Increase physical memory or swap space
#   Check if swap backing store is full
#   Decrease Java heap size (-Xmx/-Xms)
#   Decrease number of Java threads
#   Decrease Java thread stack sizes (-Xss)
#   Set larger code cache with -XX:ReservedCodeCacheSize=
#   JVM is running with Unscaled Compressed Oops mode in which the Java heap is
#     placed in the first 4GB address space. The Java Heap base address is the
#     maximum limit for the native heap growth. Please use -XX:HeapBaseMinAddress
#     to set the Java Heap base and to place the Java Heap above 4GB virtual address.
# This output file may be truncated or incomplete.
#
#  Out of Memory Error (virtualSpaceNode.cpp:110), pid=23496, tid=17180
#
# JRE version: OpenJDK Runtime Environment Temurin-17.0.3+7 (17.0.3+7) (build 17.0.3+7)
# Java VM: OpenJDK 64-Bit Server VM Temurin-17.0.3+7 (17.0.3+7, mixed mode, tiered, compressed oops, compressed class ptrs, parallel gc, windows-amd64)
# No core dump will be written. Minidumps are not enabled by default on client versions of Windows
#

---------------  S U M M A R Y ------------

Command Line: --add-modules=ALL-SYSTEM --add-opens=java.base/java.util=ALL-UNNAMED --add-opens=java.base/java.lang=ALL-UNNAMED --add-opens=java.base/sun.nio.fs=ALL-UNNAMED -Declipse.application=org.eclipse.jdt.ls.core.id1 -Dosgi.bundles.defaultStartLevel=4 -Declipse.product=org.eclipse.jdt.ls.core.product -Djava.import.generatesMetadataFilesAtProjectRoot=false -Dfile.encoding=utf8 -DwatchParentProcess=false -XX:+UseParallelGC -XX:GCTimeRatio=4 -XX:AdaptiveSizePolicyWeight=90 -Dsun.zip.disableMemoryMapping=true -Xmx1G -Xms100m -javaagent:c:\Users\romva\.vscode\extensions\gabrielbb.vscode-lombok-1.0.1\server\lombok.jar -XX:+HeapDumpOnOutOfMemoryError -XX:HeapDumpPath=c:\Users\romva\AppData\Roaming\Code\User\workspaceStorage\165a2e4a7a42ed4676138f4b645df426\redhat.java c:\Users\romva\.vscode\extensions\redhat.java-1.8.0-win32-x64\server\plugins\org.eclipse.equinox.launcher_1.6.400.v20210924-0641.jar -configuration c:\Users\romva\AppData\Roaming\Code\User\globalStorage\redhat.java\1.8.0\config_win -data c:\Users\romva\AppData\Roaming\Code\User\workspaceStorage\165a2e4a7a42ed4676138f4b645df426\redhat.java\jdt_ws

Host: Intel(R) Core(TM) i9-9900K CPU @ 3.60GHz, 16 cores, 15G,  Windows 10 , 64 bit Build 19041 (10.0.19041.1806)
Time: Tue Jul 26 11:50:12 2022 Hora de verano central (México) elapsed time: 0.440096 seconds (0d 0h 0m 0s)

---------------  T H R E A D  ---------------

Current thread (0x0000021b3d2dd760):  JavaThread "main" [_thread_in_vm, id=17180, stack(0x000000e79af00000,0x000000e79b000000)]

Stack: [0x000000e79af00000,0x000000e79b000000]
Native frames: (J=compiled Java code, j=interpreted, Vv=VM code, C=native code)
V  [jvm.dll+0x675efa]
V  [jvm.dll+0x830a24]
V  [jvm.dll+0x8321ce]
V  [jvm.dll+0x832833]
V  [jvm.dll+0x2454b5]
V  [jvm.dll+0x82c9cb]
V  [jvm.dll+0x61ab26]
V  [jvm.dll+0x1c046e]
V  [jvm.dll+0x61d471]
V  [jvm.dll+0x61b4c6]
V  [jvm.dll+0x239a1f]
V  [jvm.dll+0x6252d5]
V  [jvm.dll+0x1ea19b]
V  [jvm.dll+0x1ea6d5]
V  [jvm.dll+0x1eb10f]
V  [jvm.dll+0x1e05b1]
V  [jvm.dll+0x53bb80]
V  [jvm.dll+0x7aba28]
V  [jvm.dll+0x7abb14]
V  [jvm.dll+0x40c7c5]
V  [jvm.dll+0x4129b8]
C  [java.dll+0x17ec]

Java frames: (J=compiled Java code, j=interpreted, Vv=VM code)
j  java.lang.ClassLoader.defineClass1(Ljava/lang/ClassLoader;Ljava/lang/String;[BIILjava/security/ProtectionDomain;Ljava/lang/String;)Ljava/lang/Class;+0 java.base@17.0.3
j  java.lang.ClassLoader.defineClass(Ljava/lang/String;[BIILjava/security/ProtectionDomain;)Ljava/lang/Class;+27 java.base@17.0.3
j  java.lang.ClassLoader.defineClass(Ljava/lang/String;[BII)Ljava/lang/Class;+7 java.base@17.0.3
j  lombok.launch.ShadowClassLoader.loadClass(Ljava/lang/String;Z)Ljava/lang/Class;+319
j  java.lang.ClassLoader.loadClass(Ljava/lang/String;)Ljava/lang/Class;+3 java.base@17.0.3
v  ~StubRoutines::call_stub
j  lombok.eclipse.agent.EclipseLoaderPatcher.patchEquinoxLoaders(Llombok/patcher/ScriptManager;Ljava/lang/Class;)V+4
j  lombok.eclipse.agent.EclipsePatcher.registerPatchScripts(Ljava/lang/instrument/Instrumentation;ZZLjava/lang/Class;)V+53
j  lombok.eclipse.agent.EclipsePatcher.runAgent(Ljava/lang/String;Ljava/lang/instrument/Instrumentation;ZLjava/lang/Class;)V+135
j  lombok.core.AgentLauncher.runAgents(Ljava/lang/String;Ljava/lang/instrument/Instrumentation;ZLjava/lang/Class;)V+62
v  ~StubRoutines::call_stub
j  jdk.internal.reflect.NativeMethodAccessorImpl.invoke0(Ljava/lang/reflect/Method;Ljava/lang/Object;[Ljava/lang/Object;)Ljava/lang/Object;+0 java.base@17.0.3
j  jdk.internal.reflect.NativeMethodAccessorImpl.invoke(Ljava/lang/Object;[Ljava/lang/Object;)Ljava/lang/Object;+133 java.base@17.0.3
j  jdk.internal.reflect.DelegatingMethodAccessorImpl.invoke(Ljava/lang/Object;[Ljava/lang/Object;)Ljava/lang/Object;+6 java.base@17.0.3
j  java.lang.reflect.Method.invoke(Ljava/lang/Object;[Ljava/lang/Object;)Ljava/lang/Object;+59 java.base@17.0.3
j  lombok.launch.Agent.runLauncher(Ljava/lang/String;Ljava/lang/instrument/Instrumentation;Z)V+73
j  lombok.launch.Agent.premain(Ljava/lang/String;Ljava/lang/instrument/Instrumentation;)V+3
v  ~StubRoutines::call_stub
j  jdk.internal.reflect.NativeMethodAccessorImpl.invoke0(Ljava/lang/reflect/Method;Ljava/lang/Object;[Ljava/lang/Object;)Ljava/lang/Object;+0 java.base@17.0.3
j  jdk.internal.reflect.NativeMethodAccessorImpl.invoke(Ljava/lang/Object;[Ljava/lang/Object;)Ljava/lang/Object;+133 java.base@17.0.3
j  jdk.internal.reflect.DelegatingMethodAccessorImpl.invoke(Ljava/lang/Object;[Ljava/lang/Object;)Ljava/lang/Object;+6 java.base@17.0.3
j  java.lang.reflect.Method.invoke(Ljava/lang/Object;[Ljava/lang/Object;)Ljava/lang/Object;+59 java.base@17.0.3
j  sun.instrument.InstrumentationImpl.loadClassAndStartAgent(Ljava/lang/String;Ljava/lang/String;Ljava/lang/String;)V+166 java.instrument@17.0.3
j  sun.instrument.InstrumentationImpl.loadClassAndCallPremain(Ljava/lang/String;Ljava/lang/String;)V+6 java.instrument@17.0.3
v  ~StubRoutines::call_stub

---------------  P R O C E S S  ---------------

Threads class SMR info:
_java_thread_list=0x0000021b52e23720, length=13, elements={
0x0000021b3d2dd760, 0x0000021b3d39a7d0, 0x0000021b3d39bf70, 0x0000021b52d01140,
0x0000021b52d01cc0, 0x0000021b52d03850, 0x0000021b52d05e20, 0x0000021b52d06a10,
0x0000021b52d0eba0, 0x0000021b52d1cc00, 0x0000021b3d33f0c0, 0x0000021b52e89790,
0x0000021b52e198e0
}

Java Threads: ( => current thread )
=>0x0000021b3d2dd760 JavaThread "main" [_thread_in_vm, id=17180, stack(0x000000e79af00000,0x000000e79b000000)]
  0x0000021b3d39a7d0 JavaThread "Reference Handler" daemon [_thread_blocked, id=3024, stack(0x000000e79b200000,0x000000e79b300000)]
  0x0000021b3d39bf70 JavaThread "Finalizer" daemon [_thread_blocked, id=9556, stack(0x000000e79b300000,0x000000e79b400000)]
  0x0000021b52d01140 JavaThread "Signal Dispatcher" daemon [_thread_blocked, id=16752, stack(0x000000e79b400000,0x000000e79b500000)]
  0x0000021b52d01cc0 JavaThread "Attach Listener" daemon [_thread_blocked, id=21832, stack(0x000000e79b500000,0x000000e79b600000)]
  0x0000021b52d03850 JavaThread "Service Thread" daemon [_thread_blocked, id=24092, stack(0x000000e79b600000,0x000000e79b700000)]
  0x0000021b52d05e20 JavaThread "Monitor Deflation Thread" daemon [_thread_blocked, id=9632, stack(0x000000e79b700000,0x000000e79b800000)]
  0x0000021b52d06a10 JavaThread "C2 CompilerThread0" daemon [_thread_blocked, id=18612, stack(0x000000e79b800000,0x000000e79b900000)]
  0x0000021b52d0eba0 JavaThread "C1 CompilerThread0" daemon [_thread_blocked, id=20296, stack(0x000000e79b900000,0x000000e79ba00000)]
  0x0000021b52d1cc00 JavaThread "Sweeper thread" daemon [_thread_blocked, id=9956, stack(0x000000e79ba00000,0x000000e79bb00000)]
  0x0000021b3d33f0c0 JavaThread "Common-Cleaner" daemon [_thread_blocked, id=24788, stack(0x000000e79bb00000,0x000000e79bc00000)]
  0x0000021b52e89790 JavaThread "C1 CompilerThread1" daemon [_thread_blocked, id=14228, stack(0x000000e79bc00000,0x000000e79bd00000)]
  0x0000021b52e198e0 JavaThread "C1 CompilerThread2" daemon [_thread_blocked, id=19796, stack(0x000000e79bd00000,0x000000e79be00000)]

Other Threads:
  0x0000021b3d363500 VMThread "VM Thread" [stack: 0x000000e79b100000,0x000000e79b200000] [id=13776]
  0x0000021b3d2f34c0 GCTaskThread "GC Thread#0" [stack: 0x000000e79b000000,0x000000e79b100000] [id=18136]

Threads with active compile tasks:

VM state: not at safepoint (normal execution)

VM Mutex/Monitor currently owned by a thread:  ([mutex/lock_event])
[0x0000021b3d2c4ec0] Metaspace_lock - owner thread: 0x0000021b3d2dd760

Heap address: 0x00000000c0000000, size: 1024 MB, Compressed Oops mode: 32-bit

CDS archive(s) not mapped
Compressed class space mapped at: 0x0000000100000000-0x0000000140000000, reserved size: 1073741824
Narrow klass base: 0x0000000000000000, Narrow klass shift: 3, Narrow klass range: 0x140000000

GC Precious Log:
 CPUs: 16 total, 16 available
 Memory: 16217M
 Large Page Support: Disabled
 NUMA Support: Disabled
 Compressed Oops: Enabled (32-bit)
 Alignments: Space 512K, Generation 512K, Heap 2M
 Heap Min Capacity: 100M
 Heap Initial Capacity: 100M
 Heap Max Capacity: 1G
 Pre-touch: Disabled
 Parallel Workers: 13

Heap:
 PSYoungGen      total 29696K, used 6281K [0x00000000eab00000, 0x00000000ecc00000, 0x0000000100000000)
  eden space 25600K, 24% used [0x00000000eab00000,0x00000000eb1226f0,0x00000000ec400000)
  from space 4096K, 0% used [0x00000000ec800000,0x00000000ec800000,0x00000000ecc00000)
  to   space 4096K, 0% used [0x00000000ec400000,0x00000000ec400000,0x00000000ec800000)
 ParOldGen       total 68608K, used 0K [0x00000000c0000000, 0x00000000c4300000, 0x00000000eab00000)
  object space 68608K, 0% used [0x00000000c0000000,0x00000000c0000000,0x00000000c4300000)
 Metaspace       used 5869K, committed 5952K, reserved 1056768K
  class space    used 570K, committed 640K, reserved 1048576K

Card table byte_map: [0x0000021b3cc80000,0x0000021b3ce90000] _byte_map_base: 0x0000021b3c680000

Marking Bits: (ParMarkBitMap*) 0x00007ffd332b4b80
 Begin Bits: [0x0000021b4ef50000, 0x0000021b4ff50000)
 End Bits:   [0x0000021b4ff50000, 0x0000021b50f50000)

Polling page: 0x0000021b3b2a0000

Metaspace:

Usage:
  Non-class:      5.17 MB used.
      Class:    570.55 KB used.
       Both:      5.73 MB used.

Virtual space:
  Non-class space:        8.00 MB reserved,       5.19 MB ( 65%) committed,  1 nodes.
      Class space:        1.00 GB reserved,     640.00 KB ( <1%) committed,  1 nodes.
             Both:        1.01 GB reserved,       5.81 MB ( <1%) committed. 

Chunk freelists:
   Non-Class:  2.36 MB
       Class:  3.23 MB
        Both:  5.59 MB

MaxMetaspaceSize: unlimited
CompressedClassSpaceSize: 1.00 GB
Initial GC threshold: 21.00 MB
Current GC threshold: 21.00 MB
CDS: off
MetaspaceReclaimPolicy: balanced
 - commit_granule_bytes: 65536.
 - commit_granule_words: 8192.
 - virtual_space_node_default_size: 1048576.
 - enlarge_chunks_in_place: 1.
 - new_chunks_are_fully_committed: 0.
 - uncommit_free_chunks: 1.
 - use_allocation_guard: 0.
 - handle_deallocations: 1.


Internal statistics:

num_allocs_failed_limit: 0.
num_arena_births: 10.
num_arena_deaths: 0.
num_vsnodes_births: 2.
num_vsnodes_deaths: 0.
num_space_committed: 93.
num_space_uncommitted: 0.
num_chunks_returned_to_freelist: 0.
num_chunks_taken_from_freelist: 30.
num_chunk_merges: 0.
num_chunk_splits: 16.
num_chunks_enlarged: 13.
num_purges: 0.
num_inconsistent_stats: 0.

CodeHeap 'non-profiled nmethods': size=119168Kb used=88Kb max_used=88Kb free=119079Kb
 bounds [0x0000021b47af0000, 0x0000021b47d60000, 0x0000021b4ef50000]
CodeHeap 'profiled nmethods': size=119104Kb used=385Kb max_used=385Kb free=118718Kb
 bounds [0x0000021b406a0000, 0x0000021b40910000, 0x0000021b47af0000]
CodeHeap 'non-nmethods': size=7488Kb used=2222Kb max_used=2237Kb free=5265Kb
 bounds [0x0000021b3ff50000, 0x0000021b401c0000, 0x0000021b406a0000]
 total_blobs=697 nmethods=323 adapters=287
 compilation: enabled
              stopped_count=0, restarted_count=0
 full_count=0

Compilation events (20 events):
Event: 0.416 Thread 0x0000021b52d06a10  313       4       java.lang.AbstractStringBuilder::ensureCapacityInternal (39 bytes)
Event: 0.417 Thread 0x0000021b52e198e0  314       1       java.net.URL::getRef (5 bytes)
Event: 0.417 Thread 0x0000021b52e198e0 nmethod 314 0x0000021b47b04e10 code [0x0000021b47b04fa0, 0x0000021b47b05078]
Event: 0.418 Thread 0x0000021b52e198e0  315       3       java.io.WinNTFileSystem::isLetter (30 bytes)
Event: 0.418 Thread 0x0000021b52e198e0 nmethod 315 0x0000021b406fe890 code [0x0000021b406fea20, 0x0000021b406fec38]
Event: 0.418 Thread 0x0000021b52d06a10 nmethod 313 0x0000021b47b05110 code [0x0000021b47b052a0, 0x0000021b47b05668]
Event: 0.420 Thread 0x0000021b52e198e0  317       3       java.util.HashSet::contains (9 bytes)
Event: 0.420 Thread 0x0000021b52e198e0 nmethod 317 0x0000021b406fed10 code [0x0000021b406feec0, 0x0000021b406ff148]
Event: 0.421 Thread 0x0000021b52e198e0  318       3       java.io.File::isInvalid (47 bytes)
Event: 0.421 Thread 0x0000021b52e198e0 nmethod 318 0x0000021b406ff290 code [0x0000021b406ff440, 0x0000021b406ff6c8]
Event: 0.422 Thread 0x0000021b52e198e0  319       3       java.lang.Character::toLowerCase (9 bytes)
Event: 0.422 Thread 0x0000021b52e198e0 nmethod 319 0x0000021b406ff790 code [0x0000021b406ff940, 0x0000021b406ffb38]
Event: 0.427 Thread 0x0000021b52d0eba0  320       1       java.net.URL::getFile (5 bytes)
Event: 0.427 Thread 0x0000021b52d0eba0 nmethod 320 0x0000021b47b05c10 code [0x0000021b47b05da0, 0x0000021b47b05e78]
Event: 0.433 Thread 0x0000021b52e89790  321       3       java.lang.Character::getType (9 bytes)
Event: 0.433 Thread 0x0000021b52e198e0  322       3       java.lang.CharacterDataLatin1::getType (11 bytes)
Event: 0.433 Thread 0x0000021b52e198e0 nmethod 322 0x0000021b406ffc10 code [0x0000021b406ffdc0, 0x0000021b406fff78]
Event: 0.433 Thread 0x0000021b52e89790 nmethod 321 0x0000021b40700090 code [0x0000021b40700240, 0x0000021b40700438]
Event: 0.435 Thread 0x0000021b52d06a10  323       4       java.lang.String::isLatin1 (19 bytes)
Event: 0.435 Thread 0x0000021b52d06a10 nmethod 323 0x0000021b47b05f10 code [0x0000021b47b06080, 0x0000021b47b06118]

GC Heap History (0 events):
No events

Deoptimization events (8 events):
Event: 0.305 Thread 0x0000021b3d2dd760 Uncommon trap: trap_request=0xffffffde fr.pc=0x0000021b47afe4b8 relative=0x00000000000005d8
Event: 0.305 Thread 0x0000021b3d2dd760 Uncommon trap: reason=class_check action=maybe_recompile pc=0x0000021b47afe4b8 method=java.util.HashMap.putVal(ILjava/lang/Object;Ljava/lang/Object;ZZ)Ljava/lang/Object; @ 152 c2
Event: 0.305 Thread 0x0000021b3d2dd760 DEOPT PACKING pc=0x0000021b47afe4b8 sp=0x000000e79affe870
Event: 0.305 Thread 0x0000021b3d2dd760 DEOPT UNPACKING pc=0x0000021b3ffa20a3 sp=0x000000e79affe7c0 mode 2
Event: 0.305 Thread 0x0000021b3d2dd760 Uncommon trap: trap_request=0xffffffde fr.pc=0x0000021b47afe4b8 relative=0x00000000000005d8
Event: 0.305 Thread 0x0000021b3d2dd760 Uncommon trap: reason=class_check action=maybe_recompile pc=0x0000021b47afe4b8 method=java.util.HashMap.putVal(ILjava/lang/Object;Ljava/lang/Object;ZZ)Ljava/lang/Object; @ 152 c2
Event: 0.305 Thread 0x0000021b3d2dd760 DEOPT PACKING pc=0x0000021b47afe4b8 sp=0x000000e79affe870
Event: 0.305 Thread 0x0000021b3d2dd760 DEOPT UNPACKING pc=0x0000021b3ffa20a3 sp=0x000000e79affe7c0 mode 2

Classes unloaded (0 events):
No events

Classes redefined (0 events):
No events

Internal exceptions (2 events):
Event: 0.136 Thread 0x0000021b3d2dd760 Exception <a 'java/lang/NoSuchMethodError'{0x00000000eacb35b8}: 'void java.lang.invoke.DirectMethodHandle$Holder.invokeStatic(java.lang.Object, java.lang.Object, java.lang.Object)'> (0x00000000eacb35b8) 
thrown [e:\jenkins\tmp\workspace\build\src\src\hotspot\share\interpreter\linkResolver.cpp, line 766]
Event: 0.420 Thread 0x0000021b3d2dd760 Exception <a 'java/lang/reflect/InvocationTargetException'{0x00000000eb068c50}> (0x00000000eb068c50) 
thrown [e:\jenkins\tmp\workspace\build\src\src\hotspot\share\runtime\reflection.cpp, line 1121]

VM Operations (4 events):
Event: 0.143 Executing VM operation: HandshakeAllThreads
Event: 0.143 Executing VM operation: HandshakeAllThreads done
Event: 0.345 Executing VM operation: HandshakeAllThreads
Event: 0.345 Executing VM operation: HandshakeAllThreads done

Events (20 events):
Event: 0.349 loading class sun/net/www/protocol/jrt/Handler
Event: 0.350 loading class sun/net/www/protocol/jrt/Handler done
Event: 0.363 loading class java/util/Collections$UnmodifiableList
Event: 0.363 loading class java/util/Collections$UnmodifiableList done
Event: 0.363 loading class java/util/Collections$UnmodifiableRandomAccessList
Event: 0.363 loading class java/util/Collections$UnmodifiableRandomAccessList done
Event: 0.402 loading class java/lang/IllegalAccessException
Event: 0.402 loading class java/lang/IllegalAccessException done
Event: 0.405 loading class java/lang/IllegalStateException
Event: 0.405 loading class java/lang/IllegalStateException done
Event: 0.409 loading class java/lang/instrument/ClassFileTransformer
Event: 0.409 loading class java/lang/instrument/ClassFileTransformer done
Event: 0.413 loading class java/lang/UnsupportedOperationException
Event: 0.413 loading class java/lang/UnsupportedOperationException done
Event: 0.419 loading class java/lang/instrument/UnmodifiableClassException
Event: 0.419 loading class java/lang/instrument/UnmodifiableClassException done
Event: 0.419 loading class java/lang/instrument/ClassDefinition
Event: 0.420 loading class java/lang/instrument/ClassDefinition done
Event: 0.429 loading class java/net/URLClassLoader
Event: 0.429 loading class java/net/URLClassLoader done


Dynamic libraries:
0x00007ff6ac010000 - 0x00007ff6ac01e000 	c:\Users\romva\.vscode\extensions\redhat.java-1.8.0-win32-x64\jre\17.0.3-win32-x86_64\bin\java.exe
0x00007ffd861f0000 - 0x00007ffd863e8000 	C:\WINDOWS\SYSTEM32\ntdll.dll
0x00007ffd40a60000 - 0x00007ffd40a77000 	C:\Program Files\Avast Software\Avast\aswhook.dll
0x00007ffd85970000 - 0x00007ffd85a2d000 	C:\WINDOWS\System32\KERNEL32.DLL
0x00007ffd83d00000 - 0x00007ffd83fce000 	C:\WINDOWS\System32\KERNELBASE.dll
0x00007ffd81240000 - 0x00007ffd812d0000 	C:\WINDOWS\SYSTEM32\apphelp.dll
0x00007ffd83af0000 - 0x00007ffd83bf0000 	C:\WINDOWS\System32\ucrtbase.dll
0x00007ffd6f430000 - 0x00007ffd6f448000 	c:\Users\romva\.vscode\extensions\redhat.java-1.8.0-win32-x64\jre\17.0.3-win32-x86_64\bin\jli.dll
0x00007ffd6f410000 - 0x00007ffd6f429000 	c:\Users\romva\.vscode\extensions\redhat.java-1.8.0-win32-x64\jre\17.0.3-win32-x86_64\bin\VCRUNTIME140.dll
0x00007ffd84de0000 - 0x00007ffd84f80000 	C:\WINDOWS\System32\USER32.dll
0x00007ffd84130000 - 0x00007ffd84152000 	C:\WINDOWS\System32\win32u.dll
0x00007ffd6fbc0000 - 0x00007ffd6fe5a000 	C:\WINDOWS\WinSxS\amd64_microsoft.windows.common-controls_6595b64144ccf1df_6.0.19041.1110_none_60b5254171f9507e\COMCTL32.dll
0x00007ffd84a10000 - 0x00007ffd84a3a000 	C:\WINDOWS\System32\GDI32.dll
0x00007ffd85af0000 - 0x00007ffd85b8e000 	C:\WINDOWS\System32\msvcrt.dll
0x00007ffd83bf0000 - 0x00007ffd83cfb000 	C:\WINDOWS\System32\gdi32full.dll
0x00007ffd841b0000 - 0x00007ffd8424d000 	C:\WINDOWS\System32\msvcp_win.dll
0x00007ffd85890000 - 0x00007ffd858c0000 	C:\WINDOWS\System32\IMM32.DLL
0x00007ffd7abb0000 - 0x00007ffd7abbc000 	c:\Users\romva\.vscode\extensions\redhat.java-1.8.0-win32-x64\jre\17.0.3-win32-x86_64\bin\vcruntime140_1.dll
0x00007ffd68f20000 - 0x00007ffd68fb1000 	c:\Users\romva\.vscode\extensions\redhat.java-1.8.0-win32-x64\jre\17.0.3-win32-x86_64\bin\msvcp140.dll
0x00007ffd32730000 - 0x00007ffd33378000 	c:\Users\romva\.vscode\extensions\redhat.java-1.8.0-win32-x64\jre\17.0.3-win32-x86_64\bin\server\jvm.dll
0x00007ffd858c0000 - 0x00007ffd8596e000 	C:\WINDOWS\System32\ADVAPI32.dll
0x00007ffd84a40000 - 0x00007ffd84adc000 	C:\WINDOWS\System32\sechost.dll
0x00007ffd85640000 - 0x00007ffd85765000 	C:\WINDOWS\System32\RPCRT4.dll
0x00007ffd84250000 - 0x00007ffd84258000 	C:\WINDOWS\System32\PSAPI.DLL
0x00007ffd6d3d0000 - 0x00007ffd6d3d9000 	C:\WINDOWS\SYSTEM32\WSOCK32.dll
0x00007ffd70010000 - 0x00007ffd70037000 	C:\WINDOWS\SYSTEM32\WINMM.dll
0x00007ffd7cb80000 - 0x00007ffd7cb8a000 	C:\WINDOWS\SYSTEM32\VERSION.dll
0x00007ffd855d0000 - 0x00007ffd8563b000 	C:\WINDOWS\System32\WS2_32.dll
0x00007ffd81710000 - 0x00007ffd81722000 	C:\WINDOWS\SYSTEM32\kernel.appcore.dll
0x00007ffd7ab80000 - 0x00007ffd7ab8a000 	c:\Users\romva\.vscode\extensions\redhat.java-1.8.0-win32-x64\jre\17.0.3-win32-x86_64\bin\jimage.dll
0x00007ffd780d0000 - 0x00007ffd782b4000 	C:\WINDOWS\SYSTEM32\DBGHELP.DLL
0x00007ffd6ebf0000 - 0x00007ffd6ec1c000 	C:\WINDOWS\SYSTEM32\dbgcore.DLL
0x00007ffd83940000 - 0x00007ffd839c2000 	C:\WINDOWS\System32\bcryptPrimitives.dll
0x00007ffd70870000 - 0x00007ffd7087e000 	c:\Users\romva\.vscode\extensions\redhat.java-1.8.0-win32-x64\jre\17.0.3-win32-x86_64\bin\instrument.dll
0x00007ffd6f040000 - 0x00007ffd6f065000 	c:\Users\romva\.vscode\extensions\redhat.java-1.8.0-win32-x64\jre\17.0.3-win32-x86_64\bin\java.dll
0x00007ffd70820000 - 0x00007ffd70838000 	c:\Users\romva\.vscode\extensions\redhat.java-1.8.0-win32-x64\jre\17.0.3-win32-x86_64\bin\zip.dll
0x00007ffd842c0000 - 0x00007ffd84a04000 	C:\WINDOWS\System32\SHELL32.dll
0x00007ffd819f0000 - 0x00007ffd82184000 	C:\WINDOWS\SYSTEM32\windows.storage.dll
0x00007ffd851a0000 - 0x00007ffd854f4000 	C:\WINDOWS\System32\combase.dll
0x00007ffd83220000 - 0x00007ffd83250000 	C:\WINDOWS\SYSTEM32\Wldp.dll
0x00007ffd85a30000 - 0x00007ffd85add000 	C:\WINDOWS\System32\SHCORE.dll
0x00007ffd84d80000 - 0x00007ffd84dd5000 	C:\WINDOWS\System32\shlwapi.dll
0x00007ffd83850000 - 0x00007ffd8386f000 	C:\WINDOWS\SYSTEM32\profapi.dll
0x00007ffd6f180000 - 0x00007ffd6f199000 	C:\Users\romva\.vscode\extensions\redhat.java-1.8.0-win32-x64\jre\17.0.3-win32-x86_64\bin\net.dll
0x00007ffd7d640000 - 0x00007ffd7d74a000 	C:\WINDOWS\SYSTEM32\WINHTTP.dll
0x00007ffd83000000 - 0x00007ffd8306a000 	C:\WINDOWS\system32\mswsock.dll
0x00007ffd691f0000 - 0x00007ffd69205000 	C:\Users\romva\.vscode\extensions\redhat.java-1.8.0-win32-x64\jre\17.0.3-win32-x86_64\bin\nio.dll
0x00007ffd703d0000 - 0x00007ffd703e0000 	c:\Users\romva\.vscode\extensions\redhat.java-1.8.0-win32-x64\jre\17.0.3-win32-x86_64\bin\verify.dll

dbghelp: loaded successfully - version: 4.0.5 - missing functions: none
symbol engine: initialized successfully - sym options: 0x614 - pdb path: .;c:\Users\romva\.vscode\extensions\redhat.java-1.8.0-win32-x64\jre\17.0.3-win32-x86_64\bin;C:\WINDOWS\SYSTEM32;C:\Program Files\Avast Software\Avast;C:\WINDOWS\WinSxS\amd64_microsoft.windows.common-controls_6595b64144ccf1df_6.0.19041.1110_none_60b5254171f9507e;c:\Users\romva\.vscode\extensions\redhat.java-1.8.0-win32-x64\jre\17.0.3-win32-x86_64\bin\server

VM Arguments:
jvm_args: --add-modules=ALL-SYSTEM --add-opens=java.base/java.util=ALL-UNNAMED --add-opens=java.base/java.lang=ALL-UNNAMED --add-opens=java.base/sun.nio.fs=ALL-UNNAMED -Declipse.application=org.eclipse.jdt.ls.core.id1 -Dosgi.bundles.defaultStartLevel=4 -Declipse.product=org.eclipse.jdt.ls.core.product -Djava.import.generatesMetadataFilesAtProjectRoot=false -Dfile.encoding=utf8 -DwatchParentProcess=false -XX:+UseParallelGC -XX:GCTimeRatio=4 -XX:AdaptiveSizePolicyWeight=90 -Dsun.zip.disableMemoryMapping=true -Xmx1G -Xms100m -javaagent:c:\Users\romva\.vscode\extensions\gabrielbb.vscode-lombok-1.0.1\server\lombok.jar -XX:+HeapDumpOnOutOfMemoryError -XX:HeapDumpPath=c:\Users\romva\AppData\Roaming\Code\User\workspaceStorage\165a2e4a7a42ed4676138f4b645df426\redhat.java 
java_command: c:\Users\romva\.vscode\extensions\redhat.java-1.8.0-win32-x64\server\plugins\org.eclipse.equinox.launcher_1.6.400.v20210924-0641.jar -configuration c:\Users\romva\AppData\Roaming\Code\User\globalStorage\redhat.java\1.8.0\config_win -data c:\Users\romva\AppData\Roaming\Code\User\workspaceStorage\165a2e4a7a42ed4676138f4b645df426\redhat.java\jdt_ws
java_class_path (initial): c:\Users\romva\.vscode\extensions\redhat.java-1.8.0-win32-x64\server\plugins\org.eclipse.equinox.launcher_1.6.400.v20210924-0641.jar
Launcher Type: SUN_STANDARD

[Global flags]
    uintx AdaptiveSizePolicyWeight                 = 90                                        {product} {command line}
     intx CICompilerCount                          = 12                                        {product} {ergonomic}
    uintx GCTimeRatio                              = 4                                         {product} {command line}
     bool HeapDumpOnOutOfMemoryError               = true                                   {manageable} {command line}
    ccstr HeapDumpPath                             = c:\Users\romva\AppData\Roaming\Code\User\workspaceStorage\165a2e4a7a42ed4676138f4b645df426\redhat.java         {manageable} {command line}
   size_t InitialHeapSize                          = 104857600                                 {product} {command line}
   size_t MaxHeapSize                              = 1073741824                                {product} {command line}
   size_t MaxNewSize                               = 357564416                                 {product} {ergonomic}
   size_t MinHeapDeltaBytes                        = 524288                                    {product} {ergonomic}
   size_t MinHeapSize                              = 104857600                                 {product} {command line}
   size_t NewSize                                  = 34603008                                  {product} {ergonomic}
    uintx NonNMethodCodeHeapSize                   = 7602480                                {pd product} {ergonomic}
    uintx NonProfiledCodeHeapSize                  = 122027880                              {pd product} {ergonomic}
   size_t OldSize                                  = 70254592                                  {product} {ergonomic}
    uintx ProfiledCodeHeapSize                     = 122027880                              {pd product} {ergonomic}
    uintx ReservedCodeCacheSize                    = 251658240                              {pd product} {ergonomic}
     bool SegmentedCodeCache                       = true                                      {product} {ergonomic}
   size_t SoftMaxHeapSize                          = 1073741824                             {manageable} {ergonomic}
     bool UseCompressedClassPointers               = true                           {product lp64_product} {ergonomic}
     bool UseCompressedOops                        = true                           {product lp64_product} {ergonomic}
     bool UseLargePagesIndividualAllocation        = false                                  {pd product} {ergonomic}
     bool UseParallelGC                            = true                                      {product} {command line}

Logging:
Log output configuration:
 #0: stdout all=warning uptime,level,tags
 #1: stderr all=off uptime,level,tags

Environment Variables:
JAVA_HOME=C:\Program Files\OpenJDK\openjdk-11.0.14.1_1
PATH=C:\WINDOWS\system32;C:\WINDOWS;C:\WINDOWS\System32\Wbem;C:\WINDOWS\System32\WindowsPowerShell\v1.0\;C:\WINDOWS\System32\OpenSSH\;C:\ProgramData\chocolatey\bin;C:\Program Files\Git\cmd;C:\Program Files\Go\bin;C:\ProgramData\nvm;C:\Program Files\nodejs;C:\Users\romva\anaconda3\Scripts;C:\Users\romva\anaconda3;C:\Program Files\MongoDB\Server\5.0\bin;C:\Program Files\Kubernetes\Minikube;C:\minikube;C:\Program Files\Docker\Docker\resources\bin;C:\ProgramData\DockerDesktop\version-bin;C:\Program Files\OpenJDK\openjdk-11.0.14.1_1\bin;C:\Program Files\apache-maven-3.8.5\bin;C:\Users\romva\anaconda3;C:\Users\romva\anaconda3\Library\mingw-w64\bin;C:\Users\romva\anaconda3\Library\usr\bin;C:\Users\romva\anaconda3\Library\bin;C:\Users\romva\anaconda3\Scripts;C:\Users\romva\AppData\Local\Microsoft\WindowsApps;C:\Users\romva\go\bin;C:\ProgramData\nvm;C:\Program Files\nodejs;C:\Users\romva\AppData\Local\gitkraken\bin;C:\Users\romva\AppData\Local\Programs\Microsoft VS Code\bin
USERNAME=romva
OS=Windows_NT
PROCESSOR_IDENTIFIER=Intel64 Family 6 Model 158 Stepping 13, GenuineIntel



---------------  S Y S T E M  ---------------

OS:
 Windows 10 , 64 bit Build 19041 (10.0.19041.1806)
OS uptime: 0 days 1:31 hours
Hyper-V role detected

CPU: total 16 (initial active 16) (8 cores per cpu, 2 threads per core) family 6 model 158 stepping 13 microcode 0xb8, cx8, cmov, fxsr, ht, mmx, 3dnowpref, sse, sse2, sse3, ssse3, sse4.1, sse4.2, popcnt, lzcnt, tsc, tscinvbit, avx, avx2, aes, erms, clmul, bmi1, bmi2, rtm, adx, fma, vzeroupper, clflush, clflushopt, hv

Memory: 4k page, system-wide physical 16217M (333M free)
TotalPageFile size 65369M (AvailPageFile size 82M)
current process WorkingSet (physical memory assigned to process): 37M, peak: 37M
current process commit charge ("private bytes"): 202M, peak: 202M

vm_info: OpenJDK 64-Bit Server VM (17.0.3+7) for windows-amd64 JRE (17.0.3+7), built on Apr 19 2022 16:55:35 by "" with MS VC++ 16.7 (VS2019)

END.
